<?xml version="1.0" encoding="UTF-8" ?>
<testsuite tests="8" failures="0" name="adt.linkedList.StudentDoubleLinkedListTest" time="0.016" errors="0" skipped="0">
  <properties>
[...]
</properties>
  <testcase classname="adt.linkedList.StudentDoubleLinkedListTest" name="testToArray" time="0.016"/>
  <testcase classname="adt.linkedList.StudentDoubleLinkedListTest" name="testSize" time="0"/>
  <testcase classname="adt.linkedList.StudentDoubleLinkedListTest" name="testInsertFirst" time="0"/>
  <testcase classname="adt.linkedList.StudentDoubleLinkedListTest" name="testRemoveLast" time="0"/>
  <testcase classname="adt.linkedList.StudentDoubleLinkedListTest" name="testInsert" time="0"/>
  <testcase classname="adt.linkedList.StudentDoubleLinkedListTest" name="testIsEmpty" time="0"/>
  <testcase classname="adt.linkedList.StudentDoubleLinkedListTest" name="testRemove" time="0"/>
  <testcase classname="adt.linkedList.StudentDoubleLinkedListTest" name="testSearch" time="0"/>
</testsuite>